{"level":"error","message":"unable to get questions unable to get questions","stack":"Error: unable to get questions\n    at /Users/marcusjensen/Desktop/programming/warriors_gym/backend_warriors_gym/routes/questions.js:26:11\n    at newFn (/Users/marcusjensen/Desktop/programming/warriors_gym/backend_warriors_gym/node_modules/express-async-errors/index.js:16:20)\n    at Layer.handle [as handle_request] (/Users/marcusjensen/Desktop/programming/warriors_gym/backend_warriors_gym/node_modules/express/lib/router/layer.js:95:5)\n    at next (/Users/marcusjensen/Desktop/programming/warriors_gym/backend_warriors_gym/node_modules/express/lib/router/route.js:137:13)\n    at module.exports (/Users/marcusjensen/Desktop/programming/warriors_gym/backend_warriors_gym/middleware/auth.js:12:5)\n    at newFn (/Users/marcusjensen/Desktop/programming/warriors_gym/backend_warriors_gym/node_modules/express-async-errors/index.js:16:20)\n    at Layer.handle [as handle_request] (/Users/marcusjensen/Desktop/programming/warriors_gym/backend_warriors_gym/node_modules/express/lib/router/layer.js:95:5)\n    at next (/Users/marcusjensen/Desktop/programming/warriors_gym/backend_warriors_gym/node_modules/express/lib/router/route.js:137:13)\n    at Route.dispatch (/Users/marcusjensen/Desktop/programming/warriors_gym/backend_warriors_gym/node_modules/express/lib/router/route.js:112:3)\n    at newFn (/Users/marcusjensen/Desktop/programming/warriors_gym/backend_warriors_gym/node_modules/express-async-errors/index.js:16:20)\n    at Layer.handle [as handle_request] (/Users/marcusjensen/Desktop/programming/warriors_gym/backend_warriors_gym/node_modules/express/lib/router/layer.js:95:5)\n    at /Users/marcusjensen/Desktop/programming/warriors_gym/backend_warriors_gym/node_modules/express/lib/router/index.js:281:22\n    at Function.process_params (/Users/marcusjensen/Desktop/programming/warriors_gym/backend_warriors_gym/node_modules/express/lib/router/index.js:335:12)\n    at next (/Users/marcusjensen/Desktop/programming/warriors_gym/backend_warriors_gym/node_modules/express/lib/router/index.js:275:10)\n    at Function.handle (/Users/marcusjensen/Desktop/programming/warriors_gym/backend_warriors_gym/node_modules/express/lib/router/index.js:174:3)\n    at router (/Users/marcusjensen/Desktop/programming/warriors_gym/backend_warriors_gym/node_modules/express/lib/router/index.js:47:12)"}
{"level":"error","message":"unable to get questions unable to get questions","stack":"Error: unable to get questions\n    at /Users/marcusjensen/Desktop/programming/warriors_gym/backend_warriors_gym/routes/questions.js:26:11\n    at newFn (/Users/marcusjensen/Desktop/programming/warriors_gym/backend_warriors_gym/node_modules/express-async-errors/index.js:16:20)\n    at Layer.handle [as handle_request] (/Users/marcusjensen/Desktop/programming/warriors_gym/backend_warriors_gym/node_modules/express/lib/router/layer.js:95:5)\n    at next (/Users/marcusjensen/Desktop/programming/warriors_gym/backend_warriors_gym/node_modules/express/lib/router/route.js:137:13)\n    at module.exports (/Users/marcusjensen/Desktop/programming/warriors_gym/backend_warriors_gym/middleware/auth.js:12:5)\n    at newFn (/Users/marcusjensen/Desktop/programming/warriors_gym/backend_warriors_gym/node_modules/express-async-errors/index.js:16:20)\n    at Layer.handle [as handle_request] (/Users/marcusjensen/Desktop/programming/warriors_gym/backend_warriors_gym/node_modules/express/lib/router/layer.js:95:5)\n    at next (/Users/marcusjensen/Desktop/programming/warriors_gym/backend_warriors_gym/node_modules/express/lib/router/route.js:137:13)\n    at Route.dispatch (/Users/marcusjensen/Desktop/programming/warriors_gym/backend_warriors_gym/node_modules/express/lib/router/route.js:112:3)\n    at newFn (/Users/marcusjensen/Desktop/programming/warriors_gym/backend_warriors_gym/node_modules/express-async-errors/index.js:16:20)\n    at Layer.handle [as handle_request] (/Users/marcusjensen/Desktop/programming/warriors_gym/backend_warriors_gym/node_modules/express/lib/router/layer.js:95:5)\n    at /Users/marcusjensen/Desktop/programming/warriors_gym/backend_warriors_gym/node_modules/express/lib/router/index.js:281:22\n    at Function.process_params (/Users/marcusjensen/Desktop/programming/warriors_gym/backend_warriors_gym/node_modules/express/lib/router/index.js:335:12)\n    at next (/Users/marcusjensen/Desktop/programming/warriors_gym/backend_warriors_gym/node_modules/express/lib/router/index.js:275:10)\n    at Function.handle (/Users/marcusjensen/Desktop/programming/warriors_gym/backend_warriors_gym/node_modules/express/lib/router/index.js:174:3)\n    at router (/Users/marcusjensen/Desktop/programming/warriors_gym/backend_warriors_gym/node_modules/express/lib/router/index.js:47:12)"}
{"level":"error","message":"unable to get questions unable to get questions","stack":"Error: unable to get questions\n    at /Users/marcusjensen/Desktop/programming/warriors_gym/backend_warriors_gym/routes/questions.js:26:11\n    at newFn (/Users/marcusjensen/Desktop/programming/warriors_gym/backend_warriors_gym/node_modules/express-async-errors/index.js:16:20)\n    at Layer.handle [as handle_request] (/Users/marcusjensen/Desktop/programming/warriors_gym/backend_warriors_gym/node_modules/express/lib/router/layer.js:95:5)\n    at next (/Users/marcusjensen/Desktop/programming/warriors_gym/backend_warriors_gym/node_modules/express/lib/router/route.js:137:13)\n    at module.exports (/Users/marcusjensen/Desktop/programming/warriors_gym/backend_warriors_gym/middleware/auth.js:12:5)\n    at newFn (/Users/marcusjensen/Desktop/programming/warriors_gym/backend_warriors_gym/node_modules/express-async-errors/index.js:16:20)\n    at Layer.handle [as handle_request] (/Users/marcusjensen/Desktop/programming/warriors_gym/backend_warriors_gym/node_modules/express/lib/router/layer.js:95:5)\n    at next (/Users/marcusjensen/Desktop/programming/warriors_gym/backend_warriors_gym/node_modules/express/lib/router/route.js:137:13)\n    at Route.dispatch (/Users/marcusjensen/Desktop/programming/warriors_gym/backend_warriors_gym/node_modules/express/lib/router/route.js:112:3)\n    at newFn (/Users/marcusjensen/Desktop/programming/warriors_gym/backend_warriors_gym/node_modules/express-async-errors/index.js:16:20)\n    at Layer.handle [as handle_request] (/Users/marcusjensen/Desktop/programming/warriors_gym/backend_warriors_gym/node_modules/express/lib/router/layer.js:95:5)\n    at /Users/marcusjensen/Desktop/programming/warriors_gym/backend_warriors_gym/node_modules/express/lib/router/index.js:281:22\n    at Function.process_params (/Users/marcusjensen/Desktop/programming/warriors_gym/backend_warriors_gym/node_modules/express/lib/router/index.js:335:12)\n    at next (/Users/marcusjensen/Desktop/programming/warriors_gym/backend_warriors_gym/node_modules/express/lib/router/index.js:275:10)\n    at Function.handle (/Users/marcusjensen/Desktop/programming/warriors_gym/backend_warriors_gym/node_modules/express/lib/router/index.js:174:3)\n    at router (/Users/marcusjensen/Desktop/programming/warriors_gym/backend_warriors_gym/node_modules/express/lib/router/index.js:47:12)"}
{
  level: 'error',
  message: 'unable to get questions unable to get questions',
  stack: 'Error: unable to get questions\n' +
    '    at /Users/marcusjensen/Desktop/programming/warriors_gym/backend_warriors_gym/routes/questions.js:26:11\n' +
    '    at newFn (/Users/marcusjensen/Desktop/programming/warriors_gym/backend_warriors_gym/node_modules/express-async-errors/index.js:16:20)\n' +
    '    at Layer.handle [as handle_request] (/Users/marcusjensen/Desktop/programming/warriors_gym/backend_warriors_gym/node_modules/express/lib/router/layer.js:95:5)\n' +
    '    at next (/Users/marcusjensen/Desktop/programming/warriors_gym/backend_warriors_gym/node_modules/express/lib/router/route.js:137:13)\n' +
    '    at module.exports (/Users/marcusjensen/Desktop/programming/warriors_gym/backend_warriors_gym/middleware/auth.js:12:5)\n' +
    '    at newFn (/Users/marcusjensen/Desktop/programming/warriors_gym/backend_warriors_gym/node_modules/express-async-errors/index.js:16:20)\n' +
    '    at Layer.handle [as handle_request] (/Users/marcusjensen/Desktop/programming/warriors_gym/backend_warriors_gym/node_modules/express/lib/router/layer.js:95:5)\n' +
    '    at next (/Users/marcusjensen/Desktop/programming/warriors_gym/backend_warriors_gym/node_modules/express/lib/router/route.js:137:13)\n' +
    '    at Route.dispatch (/Users/marcusjensen/Desktop/programming/warriors_gym/backend_warriors_gym/node_modules/express/lib/router/route.js:112:3)\n' +
    '    at newFn (/Users/marcusjensen/Desktop/programming/warriors_gym/backend_warriors_gym/node_modules/express-async-errors/index.js:16:20)\n' +
    '    at Layer.handle [as handle_request] (/Users/marcusjensen/Desktop/programming/warriors_gym/backend_warriors_gym/node_modules/express/lib/router/layer.js:95:5)\n' +
    '    at /Users/marcusjensen/Desktop/programming/warriors_gym/backend_warriors_gym/node_modules/express/lib/router/index.js:281:22\n' +
    '    at Function.process_params (/Users/marcusjensen/Desktop/programming/warriors_gym/backend_warriors_gym/node_modules/express/lib/router/index.js:335:12)\n' +
    '    at next (/Users/marcusjensen/Desktop/programming/warriors_gym/backend_warriors_gym/node_modules/express/lib/router/index.js:275:10)\n' +
    '    at Function.handle (/Users/marcusjensen/Desktop/programming/warriors_gym/backend_warriors_gym/node_modules/express/lib/router/index.js:174:3)\n' +
    '    at router (/Users/marcusjensen/Desktop/programming/warriors_gym/backend_warriors_gym/node_modules/express/lib/router/index.js:47:12)',
  timestamp: '2020-12-30T20:53:36.171Z'
}
{
  level: 'error',
  message: 'unable to get questions unable to get questions',
  stack: 'Error: unable to get questions\n' +
    '    at /Users/marcusjensen/Desktop/programming/warriors_gym/backend_warriors_gym/routes/questions.js:26:11\n' +
    '    at newFn (/Users/marcusjensen/Desktop/programming/warriors_gym/backend_warriors_gym/node_modules/express-async-errors/index.js:16:20)\n' +
    '    at Layer.handle [as handle_request] (/Users/marcusjensen/Desktop/programming/warriors_gym/backend_warriors_gym/node_modules/express/lib/router/layer.js:95:5)\n' +
    '    at next (/Users/marcusjensen/Desktop/programming/warriors_gym/backend_warriors_gym/node_modules/express/lib/router/route.js:137:13)\n' +
    '    at module.exports (/Users/marcusjensen/Desktop/programming/warriors_gym/backend_warriors_gym/middleware/auth.js:12:5)\n' +
    '    at newFn (/Users/marcusjensen/Desktop/programming/warriors_gym/backend_warriors_gym/node_modules/express-async-errors/index.js:16:20)\n' +
    '    at Layer.handle [as handle_request] (/Users/marcusjensen/Desktop/programming/warriors_gym/backend_warriors_gym/node_modules/express/lib/router/layer.js:95:5)\n' +
    '    at next (/Users/marcusjensen/Desktop/programming/warriors_gym/backend_warriors_gym/node_modules/express/lib/router/route.js:137:13)\n' +
    '    at Route.dispatch (/Users/marcusjensen/Desktop/programming/warriors_gym/backend_warriors_gym/node_modules/express/lib/router/route.js:112:3)\n' +
    '    at newFn (/Users/marcusjensen/Desktop/programming/warriors_gym/backend_warriors_gym/node_modules/express-async-errors/index.js:16:20)\n' +
    '    at Layer.handle [as handle_request] (/Users/marcusjensen/Desktop/programming/warriors_gym/backend_warriors_gym/node_modules/express/lib/router/layer.js:95:5)\n' +
    '    at /Users/marcusjensen/Desktop/programming/warriors_gym/backend_warriors_gym/node_modules/express/lib/router/index.js:281:22\n' +
    '    at Function.process_params (/Users/marcusjensen/Desktop/programming/warriors_gym/backend_warriors_gym/node_modules/express/lib/router/index.js:335:12)\n' +
    '    at next (/Users/marcusjensen/Desktop/programming/warriors_gym/backend_warriors_gym/node_modules/express/lib/router/index.js:275:10)\n' +
    '    at Function.handle (/Users/marcusjensen/Desktop/programming/warriors_gym/backend_warriors_gym/node_modules/express/lib/router/index.js:174:3)\n' +
    '    at router (/Users/marcusjensen/Desktop/programming/warriors_gym/backend_warriors_gym/node_modules/express/lib/router/index.js:47:12)',
  timestamp: '2020-12-30T20:54:04.260Z'
}
{
  level: 'error',
  message: 'unable to get questions unable to get questions',
  stack: 'Error: unable to get questions\n' +
    '    at /Users/marcusjensen/Desktop/programming/warriors_gym/backend_warriors_gym/routes/questions.js:26:11\n' +
    '    at newFn (/Users/marcusjensen/Desktop/programming/warriors_gym/backend_warriors_gym/node_modules/express-async-errors/index.js:16:20)\n' +
    '    at Layer.handle [as handle_request] (/Users/marcusjensen/Desktop/programming/warriors_gym/backend_warriors_gym/node_modules/express/lib/router/layer.js:95:5)\n' +
    '    at next (/Users/marcusjensen/Desktop/programming/warriors_gym/backend_warriors_gym/node_modules/express/lib/router/route.js:137:13)\n' +
    '    at module.exports (/Users/marcusjensen/Desktop/programming/warriors_gym/backend_warriors_gym/middleware/auth.js:12:5)\n' +
    '    at newFn (/Users/marcusjensen/Desktop/programming/warriors_gym/backend_warriors_gym/node_modules/express-async-errors/index.js:16:20)\n' +
    '    at Layer.handle [as handle_request] (/Users/marcusjensen/Desktop/programming/warriors_gym/backend_warriors_gym/node_modules/express/lib/router/layer.js:95:5)\n' +
    '    at next (/Users/marcusjensen/Desktop/programming/warriors_gym/backend_warriors_gym/node_modules/express/lib/router/route.js:137:13)\n' +
    '    at Route.dispatch (/Users/marcusjensen/Desktop/programming/warriors_gym/backend_warriors_gym/node_modules/express/lib/router/route.js:112:3)\n' +
    '    at newFn (/Users/marcusjensen/Desktop/programming/warriors_gym/backend_warriors_gym/node_modules/express-async-errors/index.js:16:20)\n' +
    '    at Layer.handle [as handle_request] (/Users/marcusjensen/Desktop/programming/warriors_gym/backend_warriors_gym/node_modules/express/lib/router/layer.js:95:5)\n' +
    '    at /Users/marcusjensen/Desktop/programming/warriors_gym/backend_warriors_gym/node_modules/express/lib/router/index.js:281:22\n' +
    '    at Function.process_params (/Users/marcusjensen/Desktop/programming/warriors_gym/backend_warriors_gym/node_modules/express/lib/router/index.js:335:12)\n' +
    '    at next (/Users/marcusjensen/Desktop/programming/warriors_gym/backend_warriors_gym/node_modules/express/lib/router/index.js:275:10)\n' +
    '    at Function.handle (/Users/marcusjensen/Desktop/programming/warriors_gym/backend_warriors_gym/node_modules/express/lib/router/index.js:174:3)\n' +
    '    at router (/Users/marcusjensen/Desktop/programming/warriors_gym/backend_warriors_gym/node_modules/express/lib/router/index.js:47:12)',
  timestamp: '2020-12-30T20:57:31.150Z'
}
{
  level: 'error',
  message: 'unable to get questions unable to get questions',
  stack: 'Error: unable to get questions\n' +
    '    at /Users/marcusjensen/Desktop/programming/warriors_gym/backend_warriors_gym/routes/questions.js:26:11\n' +
    '    at newFn (/Users/marcusjensen/Desktop/programming/warriors_gym/backend_warriors_gym/node_modules/express-async-errors/index.js:16:20)\n' +
    '    at Layer.handle [as handle_request] (/Users/marcusjensen/Desktop/programming/warriors_gym/backend_warriors_gym/node_modules/express/lib/router/layer.js:95:5)\n' +
    '    at next (/Users/marcusjensen/Desktop/programming/warriors_gym/backend_warriors_gym/node_modules/express/lib/router/route.js:137:13)\n' +
    '    at module.exports (/Users/marcusjensen/Desktop/programming/warriors_gym/backend_warriors_gym/middleware/auth.js:12:5)\n' +
    '    at newFn (/Users/marcusjensen/Desktop/programming/warriors_gym/backend_warriors_gym/node_modules/express-async-errors/index.js:16:20)\n' +
    '    at Layer.handle [as handle_request] (/Users/marcusjensen/Desktop/programming/warriors_gym/backend_warriors_gym/node_modules/express/lib/router/layer.js:95:5)\n' +
    '    at next (/Users/marcusjensen/Desktop/programming/warriors_gym/backend_warriors_gym/node_modules/express/lib/router/route.js:137:13)\n' +
    '    at Route.dispatch (/Users/marcusjensen/Desktop/programming/warriors_gym/backend_warriors_gym/node_modules/express/lib/router/route.js:112:3)\n' +
    '    at newFn (/Users/marcusjensen/Desktop/programming/warriors_gym/backend_warriors_gym/node_modules/express-async-errors/index.js:16:20)\n' +
    '    at Layer.handle [as handle_request] (/Users/marcusjensen/Desktop/programming/warriors_gym/backend_warriors_gym/node_modules/express/lib/router/layer.js:95:5)\n' +
    '    at /Users/marcusjensen/Desktop/programming/warriors_gym/backend_warriors_gym/node_modules/express/lib/router/index.js:281:22\n' +
    '    at Function.process_params (/Users/marcusjensen/Desktop/programming/warriors_gym/backend_warriors_gym/node_modules/express/lib/router/index.js:335:12)\n' +
    '    at next (/Users/marcusjensen/Desktop/programming/warriors_gym/backend_warriors_gym/node_modules/express/lib/router/index.js:275:10)\n' +
    '    at Function.handle (/Users/marcusjensen/Desktop/programming/warriors_gym/backend_warriors_gym/node_modules/express/lib/router/index.js:174:3)\n' +
    '    at router (/Users/marcusjensen/Desktop/programming/warriors_gym/backend_warriors_gym/node_modules/express/lib/router/index.js:47:12)',
  timestamp: '2020-12-30T21:38:43.227Z'
}
{
  level: 'error',
  message: 'unable to get questions unable to get questions',
  stack: 'Error: unable to get questions\n' +
    '    at /Users/marcusjensen/Desktop/programming/warriors_gym/backend_warriors_gym/routes/questions.js:26:11\n' +
    '    at newFn (/Users/marcusjensen/Desktop/programming/warriors_gym/backend_warriors_gym/node_modules/express-async-errors/index.js:16:20)\n' +
    '    at Layer.handle [as handle_request] (/Users/marcusjensen/Desktop/programming/warriors_gym/backend_warriors_gym/node_modules/express/lib/router/layer.js:95:5)\n' +
    '    at next (/Users/marcusjensen/Desktop/programming/warriors_gym/backend_warriors_gym/node_modules/express/lib/router/route.js:137:13)\n' +
    '    at module.exports (/Users/marcusjensen/Desktop/programming/warriors_gym/backend_warriors_gym/middleware/auth.js:12:5)\n' +
    '    at newFn (/Users/marcusjensen/Desktop/programming/warriors_gym/backend_warriors_gym/node_modules/express-async-errors/index.js:16:20)\n' +
    '    at Layer.handle [as handle_request] (/Users/marcusjensen/Desktop/programming/warriors_gym/backend_warriors_gym/node_modules/express/lib/router/layer.js:95:5)\n' +
    '    at next (/Users/marcusjensen/Desktop/programming/warriors_gym/backend_warriors_gym/node_modules/express/lib/router/route.js:137:13)\n' +
    '    at Route.dispatch (/Users/marcusjensen/Desktop/programming/warriors_gym/backend_warriors_gym/node_modules/express/lib/router/route.js:112:3)\n' +
    '    at newFn (/Users/marcusjensen/Desktop/programming/warriors_gym/backend_warriors_gym/node_modules/express-async-errors/index.js:16:20)\n' +
    '    at Layer.handle [as handle_request] (/Users/marcusjensen/Desktop/programming/warriors_gym/backend_warriors_gym/node_modules/express/lib/router/layer.js:95:5)\n' +
    '    at /Users/marcusjensen/Desktop/programming/warriors_gym/backend_warriors_gym/node_modules/express/lib/router/index.js:281:22\n' +
    '    at Function.process_params (/Users/marcusjensen/Desktop/programming/warriors_gym/backend_warriors_gym/node_modules/express/lib/router/index.js:335:12)\n' +
    '    at next (/Users/marcusjensen/Desktop/programming/warriors_gym/backend_warriors_gym/node_modules/express/lib/router/index.js:275:10)\n' +
    '    at Function.handle (/Users/marcusjensen/Desktop/programming/warriors_gym/backend_warriors_gym/node_modules/express/lib/router/index.js:174:3)\n' +
    '    at router (/Users/marcusjensen/Desktop/programming/warriors_gym/backend_warriors_gym/node_modules/express/lib/router/index.js:47:12)',
  timestamp: '2020-12-30T21:39:27.770Z'
}
{
  level: 'error',
  message: 'Something has failed during app startup Something has failed during app startup',
  stack: 'Error: Something has failed during app startup\n' +
    '    at Object.<anonymous> (/Users/marcusjensen/Desktop/programming/warriors_gym/backend_warriors_gym/index.js:50:7)\n' +
    '    at Module._compile (internal/modules/cjs/loader.js:1063:30)\n' +
    '    at Object.Module._extensions..js (internal/modules/cjs/loader.js:1092:10)\n' +
    '    at Module.load (internal/modules/cjs/loader.js:928:32)\n' +
    '    at Function.Module._load (internal/modules/cjs/loader.js:769:14)\n' +
    '    at Function.executeUserEntryPoint [as runMain] (internal/modules/run_main.js:72:12)\n' +
    '    at internal/main/run_main_module.js:17:47',
  timestamp: '2020-12-31T20:20:37.031Z'
}
{
  level: 'error',
  message: 'Something has failed during app startup Something has failed during app startup',
  stack: 'Error: Something has failed during app startup\n' +
    '    at Object.<anonymous> (/Users/marcusjensen/Desktop/programming/warriors_gym/backend_warriors_gym/index.js:51:7)\n' +
    '    at Module._compile (internal/modules/cjs/loader.js:1063:30)\n' +
    '    at Object.Module._extensions..js (internal/modules/cjs/loader.js:1092:10)\n' +
    '    at Module.load (internal/modules/cjs/loader.js:928:32)\n' +
    '    at Function.Module._load (internal/modules/cjs/loader.js:769:14)\n' +
    '    at Function.executeUserEntryPoint [as runMain] (internal/modules/run_main.js:72:12)\n' +
    '    at internal/main/run_main_module.js:17:47',
  timestamp: '2020-12-31T20:33:32.999Z'
}
{
  level: 'error',
  message: 'Something failed badily Something failed badily',
  stack: 'Error: Something failed badily\n' +
    '    at Object.<anonymous> (/Users/marcusjensen/Desktop/programming/warriors_gym/backend_warriors_gym/index.js:53:26)\n' +
    '    at Module._compile (internal/modules/cjs/loader.js:1063:30)\n' +
    '    at Object.Module._extensions..js (internal/modules/cjs/loader.js:1092:10)\n' +
    '    at Module.load (internal/modules/cjs/loader.js:928:32)\n' +
    '    at Function.Module._load (internal/modules/cjs/loader.js:769:14)\n' +
    '    at Function.executeUserEntryPoint [as runMain] (internal/modules/run_main.js:72:12)\n' +
    '    at internal/main/run_main_module.js:17:47',
  timestamp: '2020-12-31T20:36:12.146Z'
}
{
  level: 'error',
  message: 'unable to get questions unable to get questions',
  stack: 'Error: unable to get questions\n' +
    '    at /Users/marcusjensen/Desktop/programming/warriors_gym/backend_warriors_gym/routes/questions.js:26:11\n' +
    '    at newFn (/Users/marcusjensen/Desktop/programming/warriors_gym/backend_warriors_gym/node_modules/express-async-errors/index.js:16:20)\n' +
    '    at Layer.handle [as handle_request] (/Users/marcusjensen/Desktop/programming/warriors_gym/backend_warriors_gym/node_modules/express/lib/router/layer.js:95:5)\n' +
    '    at next (/Users/marcusjensen/Desktop/programming/warriors_gym/backend_warriors_gym/node_modules/express/lib/router/route.js:137:13)\n' +
    '    at module.exports (/Users/marcusjensen/Desktop/programming/warriors_gym/backend_warriors_gym/middleware/auth.js:12:5)\n' +
    '    at newFn (/Users/marcusjensen/Desktop/programming/warriors_gym/backend_warriors_gym/node_modules/express-async-errors/index.js:16:20)\n' +
    '    at Layer.handle [as handle_request] (/Users/marcusjensen/Desktop/programming/warriors_gym/backend_warriors_gym/node_modules/express/lib/router/layer.js:95:5)\n' +
    '    at next (/Users/marcusjensen/Desktop/programming/warriors_gym/backend_warriors_gym/node_modules/express/lib/router/route.js:137:13)\n' +
    '    at Route.dispatch (/Users/marcusjensen/Desktop/programming/warriors_gym/backend_warriors_gym/node_modules/express/lib/router/route.js:112:3)\n' +
    '    at newFn (/Users/marcusjensen/Desktop/programming/warriors_gym/backend_warriors_gym/node_modules/express-async-errors/index.js:16:20)\n' +
    '    at Layer.handle [as handle_request] (/Users/marcusjensen/Desktop/programming/warriors_gym/backend_warriors_gym/node_modules/express/lib/router/layer.js:95:5)\n' +
    '    at /Users/marcusjensen/Desktop/programming/warriors_gym/backend_warriors_gym/node_modules/express/lib/router/index.js:281:22\n' +
    '    at Function.process_params (/Users/marcusjensen/Desktop/programming/warriors_gym/backend_warriors_gym/node_modules/express/lib/router/index.js:335:12)\n' +
    '    at next (/Users/marcusjensen/Desktop/programming/warriors_gym/backend_warriors_gym/node_modules/express/lib/router/index.js:275:10)\n' +
    '    at Function.handle (/Users/marcusjensen/Desktop/programming/warriors_gym/backend_warriors_gym/node_modules/express/lib/router/index.js:174:3)\n' +
    '    at router (/Users/marcusjensen/Desktop/programming/warriors_gym/backend_warriors_gym/node_modules/express/lib/router/index.js:47:12)',
  timestamp: '2020-12-31T20:59:57.931Z'
}
